#
# There is insufficient memory for the Java Runtime Environment to continue.
# Native memory allocation (mmap) failed to map 308281344 bytes for G1 virtual space
# Possible reasons:
#   The system is out of physical RAM or swap space
#   The process is running with CompressedOops enabled, and the Java Heap may be blocking the growth of the native heap
# Possible solutions:
#   Reduce memory load on the system
#   Increase physical memory or swap space
#   Check if swap backing store is full
#   Decrease Java heap size (-Xmx/-Xms)
#   Decrease number of Java threads
#   Decrease Java thread stack sizes (-Xss)
#   Set larger code cache with -XX:ReservedCodeCacheSize=
#   JVM is running with Zero Based Compressed Oops mode in which the Java heap is
#     placed in the first 32GB address space. The Java Heap base address is the
#     maximum limit for the native heap growth. Please use -XX:HeapBaseMinAddress
#     to set the Java Heap base and to place the Java Heap above 32GB virtual address.
# This output file may be truncated or incomplete.
#
#  Out of Memory Error (os_windows.cpp:3557), pid=4828, tid=5064
#
# JRE version: OpenJDK Runtime Environment Temurin-17.0.6+10 (17.0.6+10) (build 17.0.6+10)
# Java VM: OpenJDK 64-Bit Server VM Temurin-17.0.6+10 (17.0.6+10, mixed mode, emulated-client, tiered, compressed oops, compressed class ptrs, g1 gc, windows-amd64)
# No core dump will be written. Minidumps are not enabled by default on client versions of Windows
#

---------------  S U M M A R Y ------------

Command Line: -Dcom.sun.management.jmxremote -Dcom.sun.management.jmxremote.port=49871 -Dcom.sun.management.jmxremote.authenticate=false -Dcom.sun.management.jmxremote.ssl=false -Djava.rmi.server.hostname=localhost -Dspring.jmx.enabled=true -Dmanagement.endpoints.jmx.exposure.include=* -Dspring.application.admin.enabled=true -XX:TieredStopAtLevel=1 -Dspring.boot.project.name=backend-sokashoes -Dfile.encoding=UTF-8 -XX:+ShowCodeDetailsInExceptionMessages com.example.demo.SokaShoesSpringApp --spring.output.ansi.enabled=always

Host: 12th Gen Intel(R) Core(TM) i5-1240P, 16 cores, 15G,  Windows 11 , 64 bit Build 22621 (10.0.22621.1635)
Time: Wed May 17 21:06:43 2023 Hora est. Pacífico, Sudamérica elapsed time: 38887.501353 seconds (0d 10h 48m 7s)

---------------  T H R E A D  ---------------

Current thread (0x0000019d04867b10):  VMThread "VM Thread" [stack: 0x00000023f3e00000,0x00000023f3f00000] [id=5064]

Stack: [0x00000023f3e00000,0x00000023f3f00000]
Native frames: (J=compiled Java code, j=interpreted, Vv=VM code, C=native code)
V  [jvm.dll+0x67741a]
V  [jvm.dll+0x834434]
V  [jvm.dll+0x835bde]
V  [jvm.dll+0x836243]
V  [jvm.dll+0x2457b5]
V  [jvm.dll+0x674329]
V  [jvm.dll+0x6689da]
V  [jvm.dll+0x30489b]
V  [jvm.dll+0x30bd96]
V  [jvm.dll+0x35b57e]
V  [jvm.dll+0x35b7af]
V  [jvm.dll+0x2db778]
V  [jvm.dll+0x2d9a2c]
V  [jvm.dll+0x2d8ffc]
V  [jvm.dll+0x31cdcb]
V  [jvm.dll+0x83a6eb]
V  [jvm.dll+0x83b424]
V  [jvm.dll+0x83b93c]
V  [jvm.dll+0x83bd14]
V  [jvm.dll+0x83bde0]
V  [jvm.dll+0x7e483a]
V  [jvm.dll+0x6762c5]
C  [ucrtbase.dll+0x29363]
C  [KERNEL32.DLL+0x126ad]
C  [ntdll.dll+0x5a9f8]

VM_Operation (0x00000023f6efe5f0): G1CollectForAllocation, mode: safepoint, requested by thread 0x0000019d0b4bab30


---------------  P R O C E S S  ---------------

Threads class SMR info:
_java_thread_list=0x0000019d0c135600, length=32, elements={
0x0000019d04868220, 0x0000019d04868dd0, 0x0000019d048b2420, 0x0000019d048b2de0,
0x0000019d048b58a0, 0x0000019d048b6250, 0x0000019d048b6cb0, 0x0000019d048b9e60,
0x0000019d7f3e1c10, 0x0000019d04ab6d80, 0x0000019d051a3410, 0x0000019d052d5980,
0x0000019d0530b7b0, 0x0000019d0636a2e0, 0x0000019d063d43a0, 0x0000019d063d5210,
0x0000019d063d6a20, 0x0000019d063d3530, 0x0000019d0b4b97f0, 0x0000019d0b4b8e50,
0x0000019d0b4b6ca0, 0x0000019d0b4bc340, 0x0000019d0b4bc810, 0x0000019d0b4bab30,
0x0000019d0b4b6300, 0x0000019d0b4bbe70, 0x0000019d0b4b5960, 0x0000019d0b4b67d0,
0x0000019d0b4b84b0, 0x0000019d0b4bb000, 0x0000019d0b4bb9a0, 0x0000019d063d3a00
}

Java Threads: ( => current thread )
  0x0000019d04868220 JavaThread "Reference Handler" daemon [_thread_blocked, id=8456, stack(0x00000023f3f00000,0x00000023f4000000)]
  0x0000019d04868dd0 JavaThread "Finalizer" daemon [_thread_blocked, id=2652, stack(0x00000023f4000000,0x00000023f4100000)]
  0x0000019d048b2420 JavaThread "Signal Dispatcher" daemon [_thread_blocked, id=7856, stack(0x00000023f4100000,0x00000023f4200000)]
  0x0000019d048b2de0 JavaThread "Attach Listener" daemon [_thread_blocked, id=2200, stack(0x00000023f4200000,0x00000023f4300000)]
  0x0000019d048b58a0 JavaThread "Service Thread" daemon [_thread_blocked, id=7800, stack(0x00000023f4300000,0x00000023f4400000)]
  0x0000019d048b6250 JavaThread "Monitor Deflation Thread" daemon [_thread_blocked, id=2888, stack(0x00000023f4400000,0x00000023f4500000)]
  0x0000019d048b6cb0 JavaThread "C1 CompilerThread0" daemon [_thread_blocked, id=1944, stack(0x00000023f4500000,0x00000023f4600000)]
  0x0000019d048b9e60 JavaThread "Sweeper thread" daemon [_thread_blocked, id=8448, stack(0x00000023f4600000,0x00000023f4700000)]
  0x0000019d7f3e1c10 JavaThread "Common-Cleaner" daemon [_thread_blocked, id=2204, stack(0x00000023f4700000,0x00000023f4800000)]
  0x0000019d04ab6d80 JavaThread "Notification Thread" daemon [_thread_blocked, id=7628, stack(0x00000023f4a00000,0x00000023f4b00000)]
  0x0000019d051a3410 JavaThread "RMI TCP Accept-0" daemon [_thread_in_native, id=3860, stack(0x00000023f4c00000,0x00000023f4d00000)]
  0x0000019d052d5980 JavaThread "RMI TCP Accept-49871" daemon [_thread_in_native, id=12132, stack(0x00000023f4d00000,0x00000023f4e00000)]
  0x0000019d0530b7b0 JavaThread "RMI TCP Accept-0" daemon [_thread_in_native, id=2844, stack(0x00000023f4e00000,0x00000023f4f00000)]
  0x0000019d0636a2e0 JavaThread "RMI Scheduler(0)" daemon [_thread_blocked, id=2000, stack(0x00000023f5800000,0x00000023f5900000)]
  0x0000019d063d43a0 JavaThread "JMX server connection timeout 33" daemon [_thread_blocked, id=1828, stack(0x00000023f5c00000,0x00000023f5d00000)]
  0x0000019d063d5210 JavaThread "mysql-cj-abandoned-connection-cleanup" daemon [_thread_blocked, id=7720, stack(0x00000023f6400000,0x00000023f6500000)]
  0x0000019d063d6a20 JavaThread "Live Reload Server" daemon [_thread_in_native, id=9708, stack(0x00000023f6b00000,0x00000023f6c00000)]
  0x0000019d063d3530 JavaThread "DestroyJavaVM" [_thread_blocked, id=7124, stack(0x00000023f3800000,0x00000023f3900000)]
  0x0000019d0b4b97f0 JavaThread "RMI TCP Connection(767)-127.0.0.1" daemon [_thread_in_native, id=256, stack(0x00000023f6900000,0x00000023f6a00000)]
  0x0000019d0b4b8e50 JavaThread "HikariPool-11 housekeeper" daemon [_thread_blocked, id=9796, stack(0x00000023f4800000,0x00000023f4900000)]
  0x0000019d0b4b6ca0 JavaThread "Catalina-utility-1" [_thread_blocked, id=15344, stack(0x00000023f6700000,0x00000023f6800000)]
  0x0000019d0b4bc340 JavaThread "Catalina-utility-2" [_thread_blocked, id=10916, stack(0x00000023f6800000,0x00000023f6900000)]
  0x0000019d0b4bc810 JavaThread "container-0" [_thread_blocked, id=5572, stack(0x00000023f6d00000,0x00000023f6e00000)]
  0x0000019d0b4bab30 JavaThread "File Watcher" daemon [_thread_blocked, id=15328, stack(0x00000023f6e00000,0x00000023f6f00000)]
  0x0000019d0b4b6300 JavaThread "http-nio-8080-Poller" daemon [_thread_in_native, id=11904, stack(0x00000023f6f00000,0x00000023f7000000)]
  0x0000019d0b4bbe70 JavaThread "http-nio-8080-Acceptor" daemon [_thread_in_native, id=18016, stack(0x00000023f7000000,0x00000023f7100000)]
  0x0000019d0b4b5960 JavaThread "http-nio-8080-exec-1" daemon [_thread_blocked, id=14652, stack(0x00000023f3600000,0x00000023f3700000)]
  0x0000019d0b4b67d0 JavaThread "http-nio-8080-exec-2" daemon [_thread_blocked, id=14924, stack(0x00000023f4b00000,0x00000023f4c00000)]
  0x0000019d0b4b84b0 JavaThread "http-nio-8080-exec-3" daemon [_thread_blocked, id=17756, stack(0x00000023f5000000,0x00000023f5100000)]
  0x0000019d0b4bb000 JavaThread "http-nio-8080-exec-4" daemon [_thread_blocked, id=12532, stack(0x00000023f3500000,0x00000023f3600000)]
  0x0000019d0b4bb9a0 JavaThread "http-nio-8080-exec-5" daemon [_thread_blocked, id=16612, stack(0x00000023f5900000,0x00000023f5a00000)]
  0x0000019d063d3a00 JavaThread "http-nio-8080-exec-6" daemon [_thread_blocked, id=17396, stack(0x00000023f5a00000,0x00000023f5b00000)]

Other Threads:
=>0x0000019d04867b10 VMThread "VM Thread" [stack: 0x00000023f3e00000,0x00000023f3f00000] [id=5064]
  0x0000019d6e1e4940 WatcherThread [stack: 0x00000023f4f00000,0x00000023f5000000] [id=11184]
  0x0000019d6e1b94f0 GCTaskThread "GC Thread#0" [stack: 0x00000023f3900000,0x00000023f3a00000] [id=7728]
  0x0000019d0633f490 GCTaskThread "GC Thread#1" [stack: 0x00000023f5100000,0x00000023f5200000] [id=1888]
  0x0000019d0633f740 GCTaskThread "GC Thread#2" [stack: 0x00000023f5200000,0x00000023f5300000] [id=3064]
  0x0000019d0633f9f0 GCTaskThread "GC Thread#3" [stack: 0x00000023f5300000,0x00000023f5400000] [id=2056]
  0x0000019d0633fca0 GCTaskThread "GC Thread#4" [stack: 0x00000023f5400000,0x00000023f5500000] [id=3264]
  0x0000019d06313090 GCTaskThread "GC Thread#5" [stack: 0x00000023f5500000,0x00000023f5600000] [id=2364]
  0x0000019d06367dd0 GCTaskThread "GC Thread#6" [stack: 0x00000023f5600000,0x00000023f5700000] [id=7052]
  0x0000019d06368080 GCTaskThread "GC Thread#7" [stack: 0x00000023f5700000,0x00000023f5800000] [id=8440]
  0x0000019d0650ed10 GCTaskThread "GC Thread#8" [stack: 0x00000023f5d00000,0x00000023f5e00000] [id=5340]
  0x0000019d0650efd0 GCTaskThread "GC Thread#9" [stack: 0x00000023f5e00000,0x00000023f5f00000] [id=5160]
  0x0000019d0650f280 GCTaskThread "GC Thread#10" [stack: 0x00000023f5f00000,0x00000023f6000000] [id=5876]
  0x0000019d0659bde0 GCTaskThread "GC Thread#11" [stack: 0x00000023f6100000,0x00000023f6200000] [id=4064]
  0x0000019d066bf5d0 GCTaskThread "GC Thread#12" [stack: 0x00000023f6000000,0x00000023f6100000] [id=3028]
  0x0000019d6e1c9f70 ConcurrentGCThread "G1 Main Marker" [stack: 0x00000023f3a00000,0x00000023f3b00000] [id=1960]
  0x0000019d6e1cb280 ConcurrentGCThread "G1 Conc#0" [stack: 0x00000023f3b00000,0x00000023f3c00000] [id=1548]
  0x0000019d065e6fc0 ConcurrentGCThread "G1 Conc#1" [stack: 0x00000023f6200000,0x00000023f6300000] [id=5368]
  0x0000019d065a08d0 ConcurrentGCThread "G1 Conc#2" [stack: 0x00000023f6300000,0x00000023f6400000] [id=8212]
  0x0000019d6e1fe660 ConcurrentGCThread "G1 Refine#0" [stack: 0x00000023f3c00000,0x00000023f3d00000] [id=7768]
  0x0000019d7f2ab280 ConcurrentGCThread "G1 Service" [stack: 0x00000023f3d00000,0x00000023f3e00000] [id=11348]

Threads with active compile tasks:

VM state: at safepoint (normal execution)

VM Mutex/Monitor currently owned by a thread:  ([mutex/lock_event])
[0x0000019d6e144fd0] Threads_lock - owner thread: 0x0000019d04867b10
[0x0000019d6e145ba0] Heap_lock - owner thread: 0x0000019d0b4bab30

Heap address: 0x0000000704c00000, size: 4020 MB, Compressed Oops mode: Zero based, Oop shift amount: 3

CDS archive(s) not mapped
Compressed class space mapped at: 0x0000000800000000-0x0000000840000000, reserved size: 1073741824
Narrow klass base: 0x0000000800000000, Narrow klass shift: 0, Narrow klass range: 0x40000000

GC Precious Log:
 CPUs: 16 total, 16 available
 Memory: 16078M
 Large Page Support: Disabled
 NUMA Support: Disabled
 Compressed Oops: Enabled (Zero based)
 Heap Region Size: 2M
 Heap Min Capacity: 8M
 Heap Initial Capacity: 252M
 Heap Max Capacity: 4020M
 Pre-touch: Disabled
 Parallel Workers: 13
 Concurrent Workers: 3
 Concurrent Refinement Workers: 13
 Periodic GC: Disabled

Heap:
 garbage-first heap   total 192512K, used 60750K [0x0000000704c00000, 0x0000000800000000)
  region size 2048K, 3 young (6144K), 3 survivors (6144K)
 Metaspace       used 80787K, committed 84224K, reserved 1130496K
  class space    used 10814K, committed 11712K, reserved 1048576K

Heap Regions: E=young(eden), S=young(survivor), O=old, HS=humongous(starts), HC=humongous(continues), CS=collection set, F=free, OA=open archive, CA=closed archive, TAMS=top-at-mark-start (previous, next)
|   0|0x0000000704c00000, 0x0000000704e00000, 0x0000000704e00000|100%| O|  |TAMS 0x0000000704e00000, 0x0000000704e00000| Untracked 
|   1|0x0000000704e00000, 0x0000000705000000, 0x0000000705000000|100%| O|  |TAMS 0x0000000705000000, 0x0000000705000000| Untracked 
|   2|0x0000000705000000, 0x00000007051fffb0, 0x0000000705200000| 99%| O|  |TAMS 0x00000007051fffb0, 0x00000007051fffb0| Untracked 
|   3|0x0000000705200000, 0x00000007053fff00, 0x0000000705400000| 99%| O|  |TAMS 0x00000007053fff00, 0x00000007053fff00| Untracked 
|   4|0x0000000705400000, 0x00000007055fffa0, 0x0000000705600000| 99%| O|  |TAMS 0x00000007055fffa0, 0x00000007055fffa0| Untracked 
|   5|0x0000000705600000, 0x00000007057fffd8, 0x0000000705800000| 99%| O|  |TAMS 0x00000007057fffd8, 0x00000007057fffd8| Untracked 
|   6|0x0000000705800000, 0x0000000705a00000, 0x0000000705a00000|100%| O|  |TAMS 0x0000000705a00000, 0x0000000705a00000| Untracked 
|   7|0x0000000705a00000, 0x0000000705bfffb0, 0x0000000705c00000| 99%| O|  |TAMS 0x0000000705bfffb0, 0x0000000705bfffb0| Untracked 
|   8|0x0000000705c00000, 0x0000000705dffff0, 0x0000000705e00000| 99%| O|  |TAMS 0x0000000705dffff0, 0x0000000705dffff0| Untracked 
|   9|0x0000000705e00000, 0x0000000705ffffe8, 0x0000000706000000| 99%| O|  |TAMS 0x0000000705ffffe8, 0x0000000705ffffe8| Untracked 
|  10|0x0000000706000000, 0x0000000706200000, 0x0000000706200000|100%| O|  |TAMS 0x0000000706200000, 0x0000000706200000| Untracked 
|  11|0x0000000706200000, 0x00000007063ffff0, 0x0000000706400000| 99%| O|  |TAMS 0x00000007063ffff0, 0x00000007063ffff0| Untracked 
|  12|0x0000000706400000, 0x00000007065fffe0, 0x0000000706600000| 99%| O|  |TAMS 0x00000007065fffe0, 0x00000007065fffe0| Untracked 
|  13|0x0000000706600000, 0x0000000706800000, 0x0000000706800000|100%| O|  |TAMS 0x0000000706800000, 0x0000000706800000| Untracked 
|  14|0x0000000706800000, 0x00000007069fffd8, 0x0000000706a00000| 99%| O|  |TAMS 0x00000007069fffd8, 0x00000007069fffd8| Untracked 
|  15|0x0000000706a00000, 0x0000000706a00000, 0x0000000706c00000|  0%| F|  |TAMS 0x0000000706a00000, 0x0000000706a00000| Untracked 
|  16|0x0000000706c00000, 0x0000000706dfffe8, 0x0000000706e00000| 99%| O|  |TAMS 0x0000000706dfffe8, 0x0000000706dfffe8| Untracked 
|  17|0x0000000706e00000, 0x0000000706f051d0, 0x0000000707000000| 50%| O|  |TAMS 0x0000000706f051d0, 0x0000000706f051d0| Untracked 
|  18|0x0000000707000000, 0x0000000707200000, 0x0000000707200000|100%| O|  |TAMS 0x0000000707000000, 0x0000000707200000| Untracked 
|  19|0x0000000707200000, 0x0000000707400000, 0x0000000707400000|100%| O|  |TAMS 0x0000000707200000, 0x0000000707400000| Untracked 
|  20|0x0000000707400000, 0x0000000707600000, 0x0000000707600000|100%| O|  |TAMS 0x0000000707400000, 0x0000000707600000| Untracked 
|  21|0x0000000707600000, 0x0000000707600000, 0x0000000707800000|  0%| F|  |TAMS 0x0000000707600000, 0x0000000707600000| Untracked 
|  22|0x0000000707800000, 0x000000070795cd28, 0x0000000707a00000| 68%| O|  |TAMS 0x000000070795cd28, 0x000000070795cd28| Untracked 
|  23|0x0000000707a00000, 0x0000000707c00000, 0x0000000707c00000|100%| O|  |TAMS 0x0000000707a00000, 0x0000000707c00000| Untracked 
|  24|0x0000000707c00000, 0x0000000707dfffe8, 0x0000000707e00000| 99%| O|  |TAMS 0x0000000707dfffe8, 0x0000000707dfffe8| Untracked 
|  25|0x0000000707e00000, 0x0000000707ffffe8, 0x0000000708000000| 99%| O|  |TAMS 0x0000000707ffffe8, 0x0000000707ffffe8| Untracked 
|  26|0x0000000708000000, 0x0000000708200000, 0x0000000708200000|100%| O|  |TAMS 0x0000000708000000, 0x0000000708200000| Untracked 
|  27|0x0000000708200000, 0x00000007083be000, 0x0000000708400000| 87%| O|  |TAMS 0x0000000708200000, 0x00000007083be000| Untracked 
|  28|0x0000000708400000, 0x0000000708400000, 0x0000000708600000|  0%| F|  |TAMS 0x0000000708400000, 0x0000000708400000| Untracked 
|  29|0x0000000708600000, 0x0000000708600000, 0x0000000708800000|  0%| F|  |TAMS 0x0000000708600000, 0x0000000708600000| Untracked 
|  30|0x0000000708800000, 0x0000000708800000, 0x0000000708a00000|  0%| F|  |TAMS 0x0000000708800000, 0x0000000708800000| Untracked 
|  31|0x0000000708a00000, 0x0000000708a00000, 0x0000000708c00000|  0%| F|  |TAMS 0x0000000708a00000, 0x0000000708a00000| Untracked 
|  32|0x0000000708c00000, 0x0000000708dae0e0, 0x0000000708e00000| 83%| O|  |TAMS 0x0000000708dae0e0, 0x0000000708dae0e0| Untracked 
|  33|0x0000000708e00000, 0x0000000708e00000, 0x0000000709000000|  0%| F|  |TAMS 0x0000000708e00000, 0x0000000708e00000| Untracked 
|  34|0x0000000709000000, 0x00000007090ea8b0, 0x0000000709200000| 45%| O|  |TAMS 0x00000007090ea8b0, 0x00000007090ea8b0| Untracked 
|  35|0x0000000709200000, 0x0000000709200000, 0x0000000709400000|  0%| F|  |TAMS 0x0000000709200000, 0x0000000709200000| Untracked 
|  36|0x0000000709400000, 0x00000007095bfe68, 0x0000000709600000| 87%| O|  |TAMS 0x00000007095bfe68, 0x00000007095bfe68| Untracked 
|  37|0x0000000709600000, 0x0000000709600000, 0x0000000709800000|  0%| F|  |TAMS 0x0000000709600000, 0x0000000709600000| Untracked 
|  38|0x0000000709800000, 0x00000007098d1f28, 0x0000000709a00000| 41%| O|  |TAMS 0x00000007098d1f28, 0x00000007098d1f28| Untracked 
|  39|0x0000000709a00000, 0x0000000709a00000, 0x0000000709c00000|  0%| F|  |TAMS 0x0000000709a00000, 0x0000000709a00000| Untracked 
|  40|0x0000000709c00000, 0x0000000709c00000, 0x0000000709e00000|  0%| F|  |TAMS 0x0000000709c00000, 0x0000000709c00000| Untracked 
|  41|0x0000000709e00000, 0x0000000709e00000, 0x000000070a000000|  0%| F|  |TAMS 0x0000000709e00000, 0x0000000709e00000| Untracked 
|  42|0x000000070a000000, 0x000000070a000000, 0x000000070a200000|  0%| F|  |TAMS 0x000000070a000000, 0x000000070a000000| Untracked 
|  43|0x000000070a200000, 0x000000070a200000, 0x000000070a400000|  0%| F|  |TAMS 0x000000070a200000, 0x000000070a200000| Untracked 
|  44|0x000000070a400000, 0x000000070a400000, 0x000000070a600000|  0%| F|  |TAMS 0x000000070a400000, 0x000000070a400000| Untracked 
|  45|0x000000070a600000, 0x000000070a6095a0, 0x000000070a800000|  1%| S|CS|TAMS 0x000000070a600000, 0x000000070a600000| Complete 
|  46|0x000000070a800000, 0x000000070aa00000, 0x000000070aa00000|100%| S|CS|TAMS 0x000000070a800000, 0x000000070a800000| Complete 
|  47|0x000000070aa00000, 0x000000070ac00000, 0x000000070ac00000|100%| S|CS|TAMS 0x000000070aa00000, 0x000000070aa00000| Complete 
|  48|0x000000070ac00000, 0x000000070ac00000, 0x000000070ae00000|  0%| F|  |TAMS 0x000000070ac00000, 0x000000070ac00000| Untracked 
|  49|0x000000070ae00000, 0x000000070ae00000, 0x000000070b000000|  0%| F|  |TAMS 0x000000070ae00000, 0x000000070ae00000| Untracked 
|  50|0x000000070b000000, 0x000000070b000000, 0x000000070b200000|  0%| F|  |TAMS 0x000000070b000000, 0x000000070b000000| Untracked 
|  51|0x000000070b200000, 0x000000070b200000, 0x000000070b400000|  0%| F|  |TAMS 0x000000070b200000, 0x000000070b200000| Untracked 
|  52|0x000000070b400000, 0x000000070b400000, 0x000000070b600000|  0%| F|  |TAMS 0x000000070b400000, 0x000000070b400000| Untracked 
|  53|0x000000070b600000, 0x000000070b600000, 0x000000070b800000|  0%| F|  |TAMS 0x000000070b600000, 0x000000070b600000| Untracked 
|  54|0x000000070b800000, 0x000000070b800000, 0x000000070ba00000|  0%| F|  |TAMS 0x000000070b800000, 0x000000070b800000| Untracked 
|  55|0x000000070ba00000, 0x000000070ba00000, 0x000000070bc00000|  0%| F|  |TAMS 0x000000070ba00000, 0x000000070ba00000| Untracked 
|  56|0x000000070bc00000, 0x000000070bc00000, 0x000000070be00000|  0%| F|  |TAMS 0x000000070bc00000, 0x000000070bc00000| Untracked 
|  57|0x000000070be00000, 0x000000070be00000, 0x000000070c000000|  0%| F|  |TAMS 0x000000070be00000, 0x000000070be00000| Untracked 
|  58|0x000000070c000000, 0x000000070c000000, 0x000000070c200000|  0%| F|  |TAMS 0x000000070c000000, 0x000000070c000000| Untracked 
|  59|0x000000070c200000, 0x000000070c200000, 0x000000070c400000|  0%| F|  |TAMS 0x000000070c200000, 0x000000070c200000| Untracked 
|  60|0x000000070c400000, 0x000000070c400000, 0x000000070c600000|  0%| F|  |TAMS 0x000000070c400000, 0x000000070c400000| Untracked 
|  61|0x000000070c600000, 0x000000070c600000, 0x000000070c800000|  0%| F|  |TAMS 0x000000070c600000, 0x000000070c600000| Untracked 
|  62|0x000000070c800000, 0x000000070c800000, 0x000000070ca00000|  0%| F|  |TAMS 0x000000070c800000, 0x000000070c800000| Untracked 
|  63|0x000000070ca00000, 0x000000070ca00000, 0x000000070cc00000|  0%| F|  |TAMS 0x000000070ca00000, 0x000000070ca00000| Untracked 
|  64|0x000000070cc00000, 0x000000070cc00000, 0x000000070ce00000|  0%| F|  |TAMS 0x000000070cc00000, 0x000000070cc00000| Untracked 
|  65|0x000000070ce00000, 0x000000070ce00000, 0x000000070d000000|  0%| F|  |TAMS 0x000000070ce00000, 0x000000070ce00000| Untracked 
|  66|0x000000070d000000, 0x000000070d000000, 0x000000070d200000|  0%| F|  |TAMS 0x000000070d000000, 0x000000070d000000| Untracked 
|  67|0x000000070d200000, 0x000000070d200000, 0x000000070d400000|  0%| F|  |TAMS 0x000000070d200000, 0x000000070d200000| Untracked 
|  68|0x000000070d400000, 0x000000070d400000, 0x000000070d600000|  0%| F|  |TAMS 0x000000070d400000, 0x000000070d400000| Untracked 
|  69|0x000000070d600000, 0x000000070d600000, 0x000000070d800000|  0%| F|  |TAMS 0x000000070d600000, 0x000000070d600000| Untracked 
|  70|0x000000070d800000, 0x000000070d800000, 0x000000070da00000|  0%| F|  |TAMS 0x000000070d800000, 0x000000070d800000| Untracked 
|  71|0x000000070da00000, 0x000000070da00000, 0x000000070dc00000|  0%| F|  |TAMS 0x000000070da00000, 0x000000070da00000| Untracked 
|  72|0x000000070dc00000, 0x000000070dc00000, 0x000000070de00000|  0%| F|  |TAMS 0x000000070dc00000, 0x000000070dc00000| Untracked 
|  73|0x000000070de00000, 0x000000070de00000, 0x000000070e000000|  0%| F|  |TAMS 0x000000070de00000, 0x000000070de00000| Untracked 
|  74|0x000000070e000000, 0x000000070e000000, 0x000000070e200000|  0%| F|  |TAMS 0x000000070e000000, 0x000000070e000000| Untracked 
|  75|0x000000070e200000, 0x000000070e200000, 0x000000070e400000|  0%| F|  |TAMS 0x000000070e200000, 0x000000070e200000| Untracked 
|  76|0x000000070e400000, 0x000000070e400000, 0x000000070e600000|  0%| F|  |TAMS 0x000000070e400000, 0x000000070e400000| Untracked 
|  77|0x000000070e600000, 0x000000070e600000, 0x000000070e800000|  0%| F|  |TAMS 0x000000070e600000, 0x000000070e600000| Untracked 
|  78|0x000000070e800000, 0x000000070e800000, 0x000000070ea00000|  0%| F|  |TAMS 0x000000070e800000, 0x000000070e800000| Untracked 
|  79|0x000000070ea00000, 0x000000070ea00000, 0x000000070ec00000|  0%| F|  |TAMS 0x000000070ea00000, 0x000000070ea00000| Untracked 
|  80|0x000000070ec00000, 0x000000070ec00000, 0x000000070ee00000|  0%| F|  |TAMS 0x000000070ec00000, 0x000000070ec00000| Untracked 
|  81|0x000000070ee00000, 0x000000070ee00000, 0x000000070f000000|  0%| F|  |TAMS 0x000000070ee00000, 0x000000070ee00000| Untracked 
|  82|0x000000070f000000, 0x000000070f000000, 0x000000070f200000|  0%| F|  |TAMS 0x000000070f000000, 0x000000070f000000| Untracked 
|  83|0x000000070f200000, 0x000000070f200000, 0x000000070f400000|  0%| F|  |TAMS 0x000000070f200000, 0x000000070f200000| Untracked 
|  84|0x000000070f400000, 0x000000070f400000, 0x000000070f600000|  0%| F|  |TAMS 0x000000070f400000, 0x000000070f400000| Untracked 
|  85|0x000000070f600000, 0x000000070f600000, 0x000000070f800000|  0%| F|  |TAMS 0x000000070f600000, 0x000000070f600000| Untracked 
|  86|0x000000070f800000, 0x000000070f800000, 0x000000070fa00000|  0%| F|  |TAMS 0x000000070f800000, 0x000000070f800000| Untracked 
|  87|0x000000070fa00000, 0x000000070fa00000, 0x000000070fc00000|  0%| F|  |TAMS 0x000000070fa00000, 0x000000070fa00000| Untracked 
|  88|0x000000070fc00000, 0x000000070fc00000, 0x000000070fe00000|  0%| F|  |TAMS 0x000000070fc00000, 0x000000070fc00000| Untracked 
|  89|0x000000070fe00000, 0x000000070fe00000, 0x0000000710000000|  0%| F|  |TAMS 0x000000070fe00000, 0x000000070fe00000| Untracked 
|  90|0x0000000710000000, 0x0000000710000000, 0x0000000710200000|  0%| F|  |TAMS 0x0000000710000000, 0x0000000710000000| Untracked 
|  91|0x0000000710200000, 0x0000000710200000, 0x0000000710400000|  0%| F|  |TAMS 0x0000000710200000, 0x0000000710200000| Untracked 
|  92|0x0000000710400000, 0x0000000710400000, 0x0000000710600000|  0%| F|  |TAMS 0x0000000710400000, 0x0000000710400000| Untracked 
|  93|0x0000000710600000, 0x0000000710600000, 0x0000000710800000|  0%| F|  |TAMS 0x0000000710600000, 0x0000000710600000| Untracked 

Card table byte_map: [0x0000019d775d0000,0x0000019d77db0000] _byte_map_base: 0x0000019d73daa000

Marking Bits (Prev, Next): (CMBitMap*) 0x0000019d6e1b9b40, (CMBitMap*) 0x0000019d6e1b9b00
 Prev Bits: [0x0000019d00000000, 0x0000019d03ed0000)
 Next Bits: [0x0000019d78590000, 0x0000019d7c460000)

Polling page: 0x0000019d6e200000

Metaspace:

Usage:
  Non-class:     68.33 MB used.
      Class:     10.56 MB used.
       Both:     78.89 MB used.

Virtual space:
  Non-class space:       80.00 MB reserved,      70.81 MB ( 89%) committed,  10 nodes.
      Class space:        1.00 GB reserved,      11.44 MB (  1%) committed,  1 nodes.
             Both:        1.08 GB reserved,      82.25 MB (  7%) committed. 

Chunk freelists:
   Non-Class:  7.04 MB
       Class:  1.03 MB
        Both:  8.07 MB

MaxMetaspaceSize: unlimited
CompressedClassSpaceSize: 1.00 GB
Initial GC threshold: 21.00 MB
Current GC threshold: 139.31 MB
CDS: off
MetaspaceReclaimPolicy: balanced
 - commit_granule_bytes: 65536.
 - commit_granule_words: 8192.
 - virtual_space_node_default_size: 1048576.
 - enlarge_chunks_in_place: 1.
 - new_chunks_are_fully_committed: 0.
 - uncommit_free_chunks: 1.
 - use_allocation_guard: 0.
 - handle_deallocations: 1.


Internal statistics:

num_allocs_failed_limit: 9.
num_arena_births: 3134.
num_arena_deaths: 1846.
num_vsnodes_births: 11.
num_vsnodes_deaths: 0.
num_space_committed: 1412.
num_space_uncommitted: 96.
num_chunks_returned_to_freelist: 3684.
num_chunks_taken_from_freelist: 8071.
num_chunk_merges: 776.
num_chunk_splits: 3772.
num_chunks_enlarged: 2125.
num_purges: 52.
num_inconsistent_stats: 0.

CodeCache: size=49152Kb used=37279Kb max_used=42503Kb free=11872Kb
 bounds [0x0000019d72fc0000, 0x0000019d75950000, 0x0000019d75fc0000]
 total_blobs=21086 nmethods=20422 adapters=589
 compilation: enabled
              stopped_count=0, restarted_count=0
 full_count=0

Compilation events (20 events):
Event: 38807.879 Thread 0x0000019d0b5be3c0 20750       1       org.springframework.data.repository.core.support.DefaultRepositoryInformation::<init> (81 bytes)
Event: 38807.879 Thread 0x0000019d0b5bdeb0 20751       1       org.springframework.data.repository.core.support.RepositoryFragment::structural (9 bytes)
Event: 38807.879 Thread 0x0000019d0b5bf800 20752       1       org.springframework.data.repository.core.support.RepositoryFragment$StructuralRepositoryFragment::<init> (10 bytes)
Event: 38807.879 Thread 0x0000019d0b5be8d0 20753       1       org.springframework.data.repository.core.support.RepositoryComposition::of (8 bytes)
Event: 38807.879 Thread 0x0000019d0b5bdeb0 nmethod 20751 0x0000019d75151310 code [0x0000019d751514a0, 0x0000019d751515f8]
Event: 38807.879 Thread 0x0000019d0b5bf800 nmethod 20752 0x0000019d75151010 code [0x0000019d751511a0, 0x0000019d751512b8]
Event: 38807.879 Thread 0x0000019d048b6cb0 nmethod 20748 0x0000019d75150b10 code [0x0000019d75150cc0, 0x0000019d75150ee8]
Event: 38807.880 Thread 0x0000019d0b5bdeb0 20754       1       org.springframework.data.repository.core.support.RepositoryComposition::of (19 bytes)
Event: 38807.880 Thread 0x0000019d048b6cb0 20755       1       org.springframework.data.repository.core.support.RepositoryComposition::withArgumentConverter (21 bytes)
Event: 38807.880 Thread 0x0000019d0b5bf2f0 nmethod 20749 0x0000019d75150690 code [0x0000019d75150840, 0x0000019d751509e8]
Event: 38807.880 Thread 0x0000019d0b5bf800 20756       1       org.springframework.data.repository.core.support.RepositoryComposition::withMethodLookup (21 bytes)
Event: 38807.880 Thread 0x0000019d048b6cb0 nmethod 20755 0x0000019d75150310 code [0x0000019d751504a0, 0x0000019d75150608]
Event: 38807.880 Thread 0x0000019d0b5bf800 nmethod 20756 0x0000019d7514ff90 code [0x0000019d75150120, 0x0000019d75150288]
Event: 38807.880 Thread 0x0000019d0b5be8d0 nmethod 20753 0x0000019d7514f690 code [0x0000019d7514f880, 0x0000019d7514fd08]
Event: 38807.880 Thread 0x0000019d0b5bdeb0 nmethod 20754 0x0000019d7514ee90 code [0x0000019d7514f080, 0x0000019d7514f448]
Event: 38807.880 Thread 0x0000019d0b5be3c0 nmethod 20750 0x0000019d7514db10 code [0x0000019d7514dd80, 0x0000019d7514e9c8]
Event: 38807.886 Thread 0x0000019d0b5bf2f0 20757   !   1       jdk.internal.reflect.GeneratedConstructorAccessor81::newInstance (53 bytes)
Event: 38807.887 Thread 0x0000019d0b5bf2f0 nmethod 20757 0x0000019d7514d110 code [0x0000019d7514d300, 0x0000019d7514d7e8]
Event: 38807.887 Thread 0x0000019d0b5bf2f0 20758       1       com.fasterxml.jackson.databind.ser.impl.PropertySerializerMap::emptyForProperties (4 bytes)
Event: 38807.887 Thread 0x0000019d0b5bf2f0 nmethod 20758 0x0000019d7514ce10 code [0x0000019d7514cfa0, 0x0000019d7514d058]

GC Heap History (20 events):
Event: 38510.239 GC heap after
{Heap after GC invocations=170 (full 8):
 garbage-first heap   total 231424K, used 63608K [0x0000000704c00000, 0x0000000800000000)
  region size 2048K, 1 young (2048K), 1 survivors (2048K)
 Metaspace       used 84056K, committed 85312K, reserved 1130496K
  class space    used 11103K, committed 11712K, reserved 1048576K
}
Event: 38684.499 GC heap before
{Heap before GC invocations=170 (full 8):
 garbage-first heap   total 231424K, used 172152K [0x0000000704c00000, 0x0000000800000000)
  region size 2048K, 54 young (110592K), 1 survivors (2048K)
 Metaspace       used 84384K, committed 85632K, reserved 1130496K
  class space    used 11126K, committed 11712K, reserved 1048576K
}
Event: 38684.508 GC heap after
{Heap after GC invocations=171 (full 8):
 garbage-first heap   total 231424K, used 67084K [0x0000000704c00000, 0x0000000800000000)
  region size 2048K, 2 young (4096K), 2 survivors (4096K)
 Metaspace       used 84384K, committed 85632K, reserved 1130496K
  class space    used 11126K, committed 11712K, reserved 1048576K
}
Event: 38749.859 GC heap before
{Heap before GC invocations=172 (full 8):
 garbage-first heap   total 231424K, used 79372K [0x0000000704c00000, 0x0000000800000000)
  region size 2048K, 9 young (18432K), 2 survivors (4096K)
 Metaspace       used 83296K, committed 85120K, reserved 1130496K
  class space    used 11004K, committed 11712K, reserved 1048576K
}
Event: 38749.978 GC heap after
{Heap after GC invocations=173 (full 9):
 garbage-first heap   total 212992K, used 54582K [0x0000000704c00000, 0x0000000800000000)
  region size 2048K, 0 young (0K), 0 survivors (0K)
 Metaspace       used 83247K, committed 85056K, reserved 1130496K
  class space    used 10995K, committed 11712K, reserved 1048576K
}
Event: 38751.465 GC heap before
{Heap before GC invocations=173 (full 9):
 garbage-first heap   total 212992K, used 159030K [0x0000000704c00000, 0x0000000800000000)
  region size 2048K, 51 young (104448K), 0 survivors (0K)
 Metaspace       used 84155K, committed 85248K, reserved 1130496K
  class space    used 11111K, committed 11712K, reserved 1048576K
}
Event: 38751.477 GC heap after
{Heap after GC invocations=174 (full 9):
 garbage-first heap   total 212992K, used 64391K [0x0000000704c00000, 0x0000000800000000)
  region size 2048K, 5 young (10240K), 5 survivors (10240K)
 Metaspace       used 84155K, committed 85248K, reserved 1130496K
  class space    used 11111K, committed 11712K, reserved 1048576K
}
Event: 38752.597 GC heap before
{Heap before GC invocations=175 (full 9):
 garbage-first heap   total 212992K, used 160647K [0x0000000704c00000, 0x0000000800000000)
  region size 2048K, 52 young (106496K), 5 survivors (10240K)
 Metaspace       used 80468K, committed 84672K, reserved 1130496K
  class space    used 10798K, committed 11712K, reserved 1048576K
}
Event: 38752.607 GC heap after
{Heap after GC invocations=176 (full 9):
 garbage-first heap   total 212992K, used 67817K [0x0000000704c00000, 0x0000000800000000)
  region size 2048K, 3 young (6144K), 3 survivors (6144K)
 Metaspace       used 80468K, committed 84672K, reserved 1130496K
  class space    used 10798K, committed 11712K, reserved 1048576K
}
Event: 38752.684 GC heap before
{Heap before GC invocations=176 (full 9):
 garbage-first heap   total 212992K, used 71913K [0x0000000704c00000, 0x0000000800000000)
  region size 2048K, 5 young (10240K), 3 survivors (6144K)
 Metaspace       used 80471K, committed 84672K, reserved 1130496K
  class space    used 10799K, committed 11712K, reserved 1048576K
}
Event: 38752.692 GC heap after
{Heap after GC invocations=177 (full 9):
 garbage-first heap   total 212992K, used 57962K [0x0000000704c00000, 0x0000000800000000)
  region size 2048K, 1 young (2048K), 1 survivors (2048K)
 Metaspace       used 80471K, committed 84672K, reserved 1130496K
  class space    used 10799K, committed 11712K, reserved 1048576K
}
Event: 38800.933 GC heap before
{Heap before GC invocations=177 (full 9):
 garbage-first heap   total 212992K, used 135786K [0x0000000704c00000, 0x0000000800000000)
  region size 2048K, 40 young (81920K), 1 survivors (2048K)
 Metaspace       used 80687K, committed 84672K, reserved 1130496K
  class space    used 10832K, committed 11712K, reserved 1048576K
}
Event: 38801.061 GC heap after
{Heap after GC invocations=178 (full 10):
 garbage-first heap   total 192512K, used 49169K [0x0000000704c00000, 0x0000000800000000)
  region size 2048K, 0 young (0K), 0 survivors (0K)
 Metaspace       used 80635K, committed 84672K, reserved 1130496K
  class space    used 10824K, committed 11712K, reserved 1048576K
}
Event: 38801.989 GC heap before
{Heap before GC invocations=178 (full 10):
 garbage-first heap   total 192512K, used 145425K [0x0000000704c00000, 0x0000000800000000)
  region size 2048K, 47 young (96256K), 0 survivors (0K)
 Metaspace       used 81456K, committed 84672K, reserved 1130496K
  class space    used 10925K, committed 11712K, reserved 1048576K
}
Event: 38801.996 GC heap after
{Heap after GC invocations=179 (full 10):
 garbage-first heap   total 192512K, used 56571K [0x0000000704c00000, 0x0000000800000000)
  region size 2048K, 4 young (8192K), 4 survivors (8192K)
 Metaspace       used 81456K, committed 84672K, reserved 1130496K
  class space    used 10925K, committed 11712K, reserved 1048576K
}
Event: 38802.551 GC heap before
{Heap before GC invocations=180 (full 10):
 garbage-first heap   total 192512K, used 144635K [0x0000000704c00000, 0x0000000800000000)
  region size 2048K, 47 young (96256K), 4 survivors (8192K)
 Metaspace       used 80474K, committed 84224K, reserved 1130496K
  class space    used 10783K, committed 11712K, reserved 1048576K
}
Event: 38802.560 GC heap after
{Heap after GC invocations=181 (full 10):
 garbage-first heap   total 192512K, used 59629K [0x0000000704c00000, 0x0000000800000000)
  region size 2048K, 2 young (4096K), 2 survivors (4096K)
 Metaspace       used 80474K, committed 84224K, reserved 1130496K
  class space    used 10783K, committed 11712K, reserved 1048576K
}
Event: 38802.579 GC heap before
{Heap before GC invocations=181 (full 10):
 garbage-first heap   total 192512K, used 63725K [0x0000000704c00000, 0x0000000800000000)
  region size 2048K, 4 young (8192K), 2 survivors (4096K)
 Metaspace       used 80500K, committed 84224K, reserved 1130496K
  class space    used 10785K, committed 11712K, reserved 1048576K
}
Event: 38802.587 GC heap after
{Heap after GC invocations=182 (full 10):
 garbage-first heap   total 192512K, used 56950K [0x0000000704c00000, 0x0000000800000000)
  region size 2048K, 1 young (2048K), 1 survivors (2048K)
 Metaspace       used 80500K, committed 84224K, reserved 1130496K
  class space    used 10785K, committed 11712K, reserved 1048576K
}
Event: 38887.488 GC heap before
{Heap before GC invocations=182 (full 10):
 garbage-first heap   total 192512K, used 149110K [0x0000000704c00000, 0x0000000800000000)
  region size 2048K, 46 young (94208K), 1 survivors (2048K)
 Metaspace       used 80787K, committed 84224K, reserved 1130496K
  class space    used 10814K, committed 11712K, reserved 1048576K
}

Dll operation events (9 events):
Event: 0.014 Loaded shared library C:\Users\pauri\.p2\pool\plugins\org.eclipse.justj.openjdk.hotspot.jre.full.win32.x86_64_17.0.6.v20230204-1729\jre\bin\java.dll
Event: 0.283 Loaded shared library C:\Users\pauri\.p2\pool\plugins\org.eclipse.justj.openjdk.hotspot.jre.full.win32.x86_64_17.0.6.v20230204-1729\jre\bin\jimage.dll
Event: 0.307 Loaded shared library C:\Users\pauri\.p2\pool\plugins\org.eclipse.justj.openjdk.hotspot.jre.full.win32.x86_64_17.0.6.v20230204-1729\jre\bin\net.dll
Event: 0.309 Loaded shared library C:\Users\pauri\.p2\pool\plugins\org.eclipse.justj.openjdk.hotspot.jre.full.win32.x86_64_17.0.6.v20230204-1729\jre\bin\nio.dll
Event: 0.317 Loaded shared library C:\Users\pauri\.p2\pool\plugins\org.eclipse.justj.openjdk.hotspot.jre.full.win32.x86_64_17.0.6.v20230204-1729\jre\bin\zip.dll
Event: 0.407 Loaded shared library C:\Users\pauri\.p2\pool\plugins\org.eclipse.justj.openjdk.hotspot.jre.full.win32.x86_64_17.0.6.v20230204-1729\jre\bin\management.dll
Event: 0.424 Loaded shared library C:\Users\pauri\.p2\pool\plugins\org.eclipse.justj.openjdk.hotspot.jre.full.win32.x86_64_17.0.6.v20230204-1729\jre\bin\management_ext.dll
Event: 0.879 Loaded shared library C:\Users\pauri\.p2\pool\plugins\org.eclipse.justj.openjdk.hotspot.jre.full.win32.x86_64_17.0.6.v20230204-1729\jre\bin\verify.dll
Event: 13.830 Loaded shared library C:\Users\pauri\.p2\pool\plugins\org.eclipse.justj.openjdk.hotspot.jre.full.win32.x86_64_17.0.6.v20230204-1729\jre\bin\sunmscapi.dll

Deoptimization events (20 events):
Event: 5.369 Thread 0x0000019d063af3c0 DEOPT PACKING pc=0x0000019d738e58a5 sp=0x00000023f5bfccd0
Event: 5.369 Thread 0x0000019d063af3c0 DEOPT UNPACKING pc=0x0000019d73017143 sp=0x00000023f5bfc238 mode 3
Event: 11.447 Thread 0x0000019d063af3c0 DEOPT PACKING pc=0x0000019d73c8d6f9 sp=0x00000023f5bfa4d0
Event: 11.447 Thread 0x0000019d063af3c0 DEOPT UNPACKING pc=0x0000019d73017143 sp=0x00000023f5bf99b0 mode 3
Event: 12.942 Thread 0x0000019d063af3c0 DEOPT PACKING pc=0x0000019d73dce069 sp=0x00000023f5bfd4b0
Event: 12.942 Thread 0x0000019d063af3c0 DEOPT UNPACKING pc=0x0000019d73017143 sp=0x00000023f5bfc958 mode 0
Event: 12.948 Thread 0x0000019d063af3c0 DEOPT PACKING pc=0x0000019d73d018dc sp=0x00000023f5bfd6a0
Event: 12.948 Thread 0x0000019d063af3c0 DEOPT UNPACKING pc=0x0000019d73017143 sp=0x00000023f5bfcc28 mode 0
Event: 13.676 Thread 0x0000019d063af3c0 DEOPT PACKING pc=0x0000019d735a89e2 sp=0x00000023f5bfd5b0
Event: 13.676 Thread 0x0000019d063af3c0 DEOPT UNPACKING pc=0x0000019d73017143 sp=0x00000023f5bfcab8 mode 3
Event: 13.677 Thread 0x0000019d063af3c0 DEOPT PACKING pc=0x0000019d7359b965 sp=0x00000023f5bfd570
Event: 13.677 Thread 0x0000019d063af3c0 DEOPT UNPACKING pc=0x0000019d73017143 sp=0x00000023f5bfcab8 mode 3
Event: 458.075 Thread 0x0000019d0b4bab30 DEOPT PACKING pc=0x0000019d731a151b sp=0x00000023f6efade0
Event: 458.075 Thread 0x0000019d0b4bab30 DEOPT UNPACKING pc=0x0000019d73017143 sp=0x00000023f6efa308 mode 3
Event: 6988.084 Thread 0x0000019d0b4b84b0 DEOPT PACKING pc=0x0000019d7459cfd2 sp=0x00000023f36f5aa0
Event: 6988.084 Thread 0x0000019d0b4b84b0 DEOPT UNPACKING pc=0x0000019d73017143 sp=0x00000023f36f4fa8 mode 3
Event: 6988.534 Thread 0x0000019d0b4b84b0 DEOPT PACKING pc=0x0000019d738107d4 sp=0x00000023f36fbde0
Event: 6988.534 Thread 0x0000019d0b4b84b0 DEOPT UNPACKING pc=0x0000019d73017143 sp=0x00000023f36fb278 mode 3
Event: 9000.730 Thread 0x0000019d0b4bb000 DEOPT PACKING pc=0x0000019d74941dd3 sp=0x00000023f49f9b10
Event: 9000.730 Thread 0x0000019d0b4bb000 DEOPT UNPACKING pc=0x0000019d73017143 sp=0x00000023f49f9020 mode 3

Classes unloaded (20 events):
Event: 38802.036 Thread 0x0000019d04867b10 Unloading class 0x0000000800adcc00 'jdk/internal/reflect/GeneratedMethodAccessor439'
Event: 38802.036 Thread 0x0000019d04867b10 Unloading class 0x0000000800adc800 'jdk/internal/reflect/GeneratedMethodAccessor438'
Event: 38802.036 Thread 0x0000019d04867b10 Unloading class 0x000000080019cc00 'jdk/internal/reflect/GeneratedMethodAccessor437'
Event: 38802.036 Thread 0x0000019d04867b10 Unloading class 0x00000008001ad400 'jdk/internal/reflect/GeneratedMethodAccessor436'
Event: 38802.036 Thread 0x0000019d04867b10 Unloading class 0x0000000800868000 'jdk/internal/reflect/GeneratedMethodAccessor435'
Event: 38802.036 Thread 0x0000019d04867b10 Unloading class 0x0000000800879c00 'jdk/internal/reflect/GeneratedMethodAccessor434'
Event: 38802.036 Thread 0x0000019d04867b10 Unloading class 0x0000000800a6a800 'jdk/internal/reflect/GeneratedMethodAccessor433'
Event: 38802.036 Thread 0x0000019d04867b10 Unloading class 0x0000000800a4c000 'jdk/internal/reflect/GeneratedMethodAccessor432'
Event: 38802.036 Thread 0x0000019d04867b10 Unloading class 0x000000080087ac00 'jdk/internal/reflect/GeneratedMethodAccessor431'
Event: 38802.036 Thread 0x0000019d04867b10 Unloading class 0x0000000800872000 'jdk/internal/reflect/GeneratedMethodAccessor430'
Event: 38802.036 Thread 0x0000019d04867b10 Unloading class 0x0000000800871000 'jdk/internal/reflect/GeneratedMethodAccessor429'
Event: 38802.036 Thread 0x0000019d04867b10 Unloading class 0x0000000800870c00 'jdk/internal/reflect/GeneratedMethodAccessor428'
Event: 38802.036 Thread 0x0000019d04867b10 Unloading class 0x00000008003b8c00 'jdk/internal/reflect/GeneratedMethodAccessor427'
Event: 38802.036 Thread 0x0000019d04867b10 Unloading class 0x0000000800368800 'jdk/internal/reflect/GeneratedMethodAccessor426'
Event: 38802.036 Thread 0x0000019d04867b10 Unloading class 0x0000000800ad5000 'jdk/internal/reflect/GeneratedMethodAccessor425'
Event: 38802.036 Thread 0x0000019d04867b10 Unloading class 0x0000000800adc400 'jdk/internal/reflect/GeneratedMethodAccessor424'
Event: 38802.036 Thread 0x0000019d04867b10 Unloading class 0x0000000800b0d000 'jdk/internal/reflect/GeneratedMethodAccessor423'
Event: 38802.036 Thread 0x0000019d04867b10 Unloading class 0x0000000800ae9400 'jdk/internal/reflect/GeneratedMethodAccessor422'
Event: 38802.036 Thread 0x0000019d04867b10 Unloading class 0x0000000800ae0400 'jdk/internal/reflect/GeneratedMethodAccessor421'
Event: 38802.036 Thread 0x0000019d04867b10 Unloading class 0x0000000800ab3c00 'jdk/internal/reflect/GeneratedMethodAccessor416'

Classes redefined (0 events):
No events

Internal exceptions (20 events):
Event: 38802.143 Thread 0x0000019d0b4b5960 Exception <a 'java/lang/ClassNotFoundException'{0x000000070fc1cd28}: java/lang/ObjectCustomizer> (0x000000070fc1cd28) 
thrown [s\src\hotspot\share\classfile\systemDictionary.cpp, line 256]
Event: 38802.144 Thread 0x0000019d0b4b5960 Exception <a 'java/lang/ClassNotFoundException'{0x000000070fc2ab88}: com/example/demo/model/ColorCustomizer> (0x000000070fc2ab88) 
thrown [s\src\hotspot\share\classfile\systemDictionary.cpp, line 256]
Event: 38802.146 Thread 0x0000019d0b4b5960 Exception <a 'java/lang/ClassNotFoundException'{0x000000070fc65180}: java/lang/ObjectCustomizer> (0x000000070fc65180) 
thrown [s\src\hotspot\share\classfile\systemDictionary.cpp, line 256]
Event: 38802.146 Thread 0x0000019d0b4b5960 Exception <a 'java/lang/ClassNotFoundException'{0x000000070fc72fe0}: com/example/demo/model/TallaCustomizer> (0x000000070fc72fe0) 
thrown [s\src\hotspot\share\classfile\systemDictionary.cpp, line 256]
Event: 38802.149 Thread 0x0000019d0b4b5960 Exception <a 'java/lang/ClassNotFoundException'{0x000000070fcca8b0}: java/lang/ObjectCustomizer> (0x000000070fcca8b0) 
thrown [s\src\hotspot\share\classfile\systemDictionary.cpp, line 256]
Event: 38802.149 Thread 0x0000019d0b4b5960 Exception <a 'java/lang/ClassNotFoundException'{0x000000070fcd8188}: com/example/demo/model/TransaccionpCustomizer> (0x000000070fcd8188) 
thrown [s\src\hotspot\share\classfile\systemDictionary.cpp, line 256]
Event: 38802.153 Thread 0x0000019d0b4b5960 Exception <a 'java/lang/ClassNotFoundException'{0x000000070fdb89c8}: java/lang/ObjectCustomizer> (0x000000070fdb89c8) 
thrown [s\src\hotspot\share\classfile\systemDictionary.cpp, line 256]
Event: 38802.154 Thread 0x0000019d0b4b5960 Exception <a 'java/lang/ClassNotFoundException'{0x000000070fdc6090}: com/example/demo/model/CarritoCustomizer> (0x000000070fdc6090) 
thrown [s\src\hotspot\share\classfile\systemDictionary.cpp, line 256]
Event: 38802.156 Thread 0x0000019d0b4b5960 Exception <a 'java/lang/ClassNotFoundException'{0x000000070fa0c710}: java/lang/ObjectCustomizer> (0x000000070fa0c710) 
thrown [s\src\hotspot\share\classfile\systemDictionary.cpp, line 256]
Event: 38802.157 Thread 0x0000019d0b4b5960 Exception <a 'java/lang/ClassNotFoundException'{0x000000070fa1a028}: com/example/demo/security/model/RolCustomizer> (0x000000070fa1a028) 
thrown [s\src\hotspot\share\classfile\systemDictionary.cpp, line 256]
Event: 38802.176 Thread 0x0000019d0b4b5960 Exception <a 'java/lang/reflect/InvocationTargetException'{0x000000070f535320}> (0x000000070f535320) 
thrown [s\src\hotspot\share\runtime\reflection.cpp, line 1121]
Event: 38802.177 Thread 0x0000019d0b4b5960 Exception <a 'java/lang/reflect/InvocationTargetException'{0x000000070f53faf8}> (0x000000070f53faf8) 
thrown [s\src\hotspot\share\runtime\reflection.cpp, line 1121]
Event: 38802.178 Thread 0x0000019d0b4b5960 Exception <a 'java/lang/reflect/InvocationTargetException'{0x000000070f549e30}> (0x000000070f549e30) 
thrown [s\src\hotspot\share\runtime\reflection.cpp, line 1121]
Event: 38802.178 Thread 0x0000019d0b4b5960 Exception <a 'java/lang/reflect/InvocationTargetException'{0x000000070f556970}> (0x000000070f556970) 
thrown [s\src\hotspot\share\runtime\reflection.cpp, line 1121]
Event: 38802.213 Thread 0x0000019d0b4b5960 Exception <a 'java/io/FileNotFoundException'{0x000000070f155828}> (0x000000070f155828) 
thrown [s\src\hotspot\share\prims\jni.cpp, line 516]
Event: 38802.481 Thread 0x0000019d0b4b5960 Exception <a 'java/lang/ClassNotFoundException'{0x000000070c15e3d8}: java/lang/ObjectCustomizer> (0x000000070c15e3d8) 
thrown [s\src\hotspot\share\classfile\systemDictionary.cpp, line 256]
Event: 38802.482 Thread 0x0000019d0b4b5960 Exception <a 'java/lang/ClassNotFoundException'{0x000000070c1679b0}: com/example/demo/model/PersonaCustomizer> (0x000000070c1679b0) 
thrown [s\src\hotspot\share\classfile\systemDictionary.cpp, line 256]
Event: 38802.483 Thread 0x0000019d0b4b5960 Exception <a 'java/lang/ClassNotFoundException'{0x000000070c191340}: java/lang/ObjectCustomizer> (0x000000070c191340) 
thrown [s\src\hotspot\share\classfile\systemDictionary.cpp, line 256]
Event: 38802.483 Thread 0x0000019d0b4b5960 Exception <a 'java/lang/ClassNotFoundException'{0x000000070c19ac78}: com/example/demo/model/TipoIdentificacionCustomizer> (0x000000070c19ac78) 
thrown [s\src\hotspot\share\classfile\systemDictionary.cpp, line 256]
Event: 38802.520 Thread 0x0000019d0b4b5960 Exception <a 'java/lang/reflect/InvocationTargetException'{0x000000070b6a5658}> (0x000000070b6a5658) 
thrown [s\src\hotspot\share\runtime\reflection.cpp, line 1121]

VM Operations (20 events):
Event: 38800.918 Executing VM operation: ThreadDump done
Event: 38800.918 Executing VM operation: ThreadDump
Event: 38800.918 Executing VM operation: ThreadDump done
Event: 38800.933 Executing VM operation: G1CollectFull
Event: 38801.061 Executing VM operation: G1CollectFull done
Event: 38801.988 Executing VM operation: G1CollectForAllocation
Event: 38801.996 Executing VM operation: G1CollectForAllocation done
Event: 38802.034 Executing VM operation: G1Concurrent
Event: 38802.069 Executing VM operation: G1Concurrent done
Event: 38802.089 Executing VM operation: G1Concurrent
Event: 38802.095 Executing VM operation: G1Concurrent done
Event: 38802.551 Executing VM operation: G1CollectForAllocation
Event: 38802.560 Executing VM operation: G1CollectForAllocation done
Event: 38802.578 Executing VM operation: G1CollectForAllocation
Event: 38802.587 Executing VM operation: G1CollectForAllocation done
Event: 38803.595 Executing VM operation: Cleanup
Event: 38803.595 Executing VM operation: Cleanup done
Event: 38808.628 Executing VM operation: Cleanup
Event: 38808.629 Executing VM operation: Cleanup done
Event: 38887.488 Executing VM operation: G1CollectForAllocation

Events (20 events):
Event: 38803.019 Thread 0x0000019d0b4b67d0 Thread added: 0x0000019d0b4b67d0
Event: 38803.022 Thread 0x0000019d0b4bb000 Thread exited: 0x0000019d0b4bb000
Event: 38803.147 Thread 0x0000019d0b4b5960 Thread exited: 0x0000019d0b4b5960
Event: 38803.147 Thread 0x0000019d0b4bb9a0 Thread exited: 0x0000019d0b4bb9a0
Event: 38804.051 Thread 0x0000019d0b4b67d0 Thread exited: 0x0000019d0b4b67d0
Event: 38806.973 Thread 0x0000019d0b4b84b0 Thread exited: 0x0000019d0b4b84b0
Event: 38807.855 Thread 0x0000019d0b4b5960 Thread added: 0x0000019d0b4b5960
Event: 38807.899 Thread 0x0000019d0b4b67d0 Thread added: 0x0000019d0b4b67d0
Event: 38808.039 Thread 0x0000019d0b4b84b0 Thread added: 0x0000019d0b4b84b0
Event: 38812.889 Thread 0x0000019d0b5bdeb0 Thread exited: 0x0000019d0b5bdeb0
Event: 38812.889 Thread 0x0000019d0b5bf800 Thread exited: 0x0000019d0b5bf800
Event: 38817.898 Thread 0x0000019d0b5bf2f0 Thread exited: 0x0000019d0b5bf2f0
Event: 38817.898 Thread 0x0000019d0b5be8d0 Thread exited: 0x0000019d0b5be8d0
Event: 38822.911 Thread 0x0000019d0b5be3c0 Thread exited: 0x0000019d0b5be3c0
Event: 38851.591 Thread 0x0000019d0b4bb000 Thread added: 0x0000019d0b4bb000
Event: 38851.621 Thread 0x0000019d0b4bb9a0 Thread added: 0x0000019d0b4bb9a0
Event: 38851.875 Thread 0x0000019d063d3a00 Thread added: 0x0000019d063d3a00
Event: 38878.032 Thread 0x0000019d0b4ba190 Thread exited: 0x0000019d0b4ba190
Event: 38878.032 Thread 0x0000019d0b4ba660 Thread exited: 0x0000019d0b4ba660
Event: 38878.032 Thread 0x0000019d0b4b9320 Thread exited: 0x0000019d0b4b9320


Dynamic libraries:
0x00007ff7dea60000 - 0x00007ff7dea6e000 	C:\Users\pauri\.p2\pool\plugins\org.eclipse.justj.openjdk.hotspot.jre.full.win32.x86_64_17.0.6.v20230204-1729\jre\bin\javaw.exe
0x00007fffd2850000 - 0x00007fffd2a64000 	C:\WINDOWS\SYSTEM32\ntdll.dll
0x00007fffd1690000 - 0x00007fffd1752000 	C:\WINDOWS\System32\KERNEL32.DLL
0x00007fffd0130000 - 0x00007fffd04d3000 	C:\WINDOWS\System32\KERNELBASE.dll
0x00007fffcff50000 - 0x00007fffd0061000 	C:\WINDOWS\System32\ucrtbase.dll
0x00007fffb9870000 - 0x00007fffb9887000 	C:\Users\pauri\.p2\pool\plugins\org.eclipse.justj.openjdk.hotspot.jre.full.win32.x86_64_17.0.6.v20230204-1729\jre\bin\jli.dll
0x00007fffc1400000 - 0x00007fffc1419000 	C:\Users\pauri\.p2\pool\plugins\org.eclipse.justj.openjdk.hotspot.jre.full.win32.x86_64_17.0.6.v20230204-1729\jre\bin\VCRUNTIME140.dll
0x00007fffd2660000 - 0x00007fffd280b000 	C:\WINDOWS\System32\USER32.dll
0x00007fffcfeb0000 - 0x00007fffcfed6000 	C:\WINDOWS\System32\win32u.dll
0x00007fffd2200000 - 0x00007fffd2229000 	C:\WINDOWS\System32\GDI32.dll
0x00007fffb7fd0000 - 0x00007fffb825e000 	C:\WINDOWS\WinSxS\amd64_microsoft.windows.common-controls_6595b64144ccf1df_6.0.22621.1635_none_270f70857386168e\COMCTL32.dll
0x00007fffcfd90000 - 0x00007fffcfea8000 	C:\WINDOWS\System32\gdi32full.dll
0x00007fffcfcf0000 - 0x00007fffcfd8a000 	C:\WINDOWS\System32\msvcp_win.dll
0x00007fffd1b50000 - 0x00007fffd1bf7000 	C:\WINDOWS\System32\msvcrt.dll
0x00007fffd21b0000 - 0x00007fffd21e1000 	C:\WINDOWS\System32\IMM32.DLL
0x00007fffc6490000 - 0x00007fffc649c000 	C:\Users\pauri\.p2\pool\plugins\org.eclipse.justj.openjdk.hotspot.jre.full.win32.x86_64_17.0.6.v20230204-1729\jre\bin\vcruntime140_1.dll
0x00007fffba3c0000 - 0x00007fffba451000 	C:\Users\pauri\.p2\pool\plugins\org.eclipse.justj.openjdk.hotspot.jre.full.win32.x86_64_17.0.6.v20230204-1729\jre\bin\msvcp140.dll
0x00007fff8dd90000 - 0x00007fff8e9d7000 	C:\Users\pauri\.p2\pool\plugins\org.eclipse.justj.openjdk.hotspot.jre.full.win32.x86_64_17.0.6.v20230204-1729\jre\bin\server\jvm.dll
0x00007fffd06e0000 - 0x00007fffd078e000 	C:\WINDOWS\System32\ADVAPI32.dll
0x00007fffd2230000 - 0x00007fffd22d4000 	C:\WINDOWS\System32\sechost.dll
0x00007fffd0b30000 - 0x00007fffd0c47000 	C:\WINDOWS\System32\RPCRT4.dll
0x00007fffcc040000 - 0x00007fffcc049000 	C:\WINDOWS\SYSTEM32\WSOCK32.dll
0x00007fffd0790000 - 0x00007fffd0801000 	C:\WINDOWS\System32\WS2_32.dll
0x00007fffc4cb0000 - 0x00007fffc4ce4000 	C:\WINDOWS\SYSTEM32\WINMM.dll
0x00007fffbacd0000 - 0x00007fffbacda000 	C:\WINDOWS\SYSTEM32\VERSION.dll
0x00007fffcecc0000 - 0x00007fffcecd8000 	C:\WINDOWS\SYSTEM32\kernel.appcore.dll
0x00007fffcc030000 - 0x00007fffcc03a000 	C:\Users\pauri\.p2\pool\plugins\org.eclipse.justj.openjdk.hotspot.jre.full.win32.x86_64_17.0.6.v20230204-1729\jre\bin\jimage.dll
0x00007fffcd5a0000 - 0x00007fffcd7ce000 	C:\WINDOWS\SYSTEM32\DBGHELP.DLL
0x00007fffd1760000 - 0x00007fffd1ae9000 	C:\WINDOWS\System32\combase.dll
0x00007fffd0930000 - 0x00007fffd0a07000 	C:\WINDOWS\System32\OLEAUT32.dll
0x00007fffb5680000 - 0x00007fffb56b2000 	C:\WINDOWS\SYSTEM32\dbgcore.DLL
0x00007fffcfc70000 - 0x00007fffcfceb000 	C:\WINDOWS\System32\bcryptPrimitives.dll
0x00007fffab690000 - 0x00007fffab6b5000 	C:\Users\pauri\.p2\pool\plugins\org.eclipse.justj.openjdk.hotspot.jre.full.win32.x86_64_17.0.6.v20230204-1729\jre\bin\java.dll
0x00007fffb9850000 - 0x00007fffb9868000 	C:\Users\pauri\.p2\pool\plugins\org.eclipse.justj.openjdk.hotspot.jre.full.win32.x86_64_17.0.6.v20230204-1729\jre\bin\zip.dll
0x00007fffd0cd0000 - 0x00007fffd14ca000 	C:\WINDOWS\System32\SHELL32.dll
0x00007fffcdc30000 - 0x00007fffce4fe000 	C:\WINDOWS\SYSTEM32\windows.storage.dll
0x00007fffcdaf0000 - 0x00007fffcdc2e000 	C:\WINDOWS\SYSTEM32\wintypes.dll
0x00007fffd24a0000 - 0x00007fffd2591000 	C:\WINDOWS\System32\SHCORE.dll
0x00007fffd20a0000 - 0x00007fffd20fe000 	C:\WINDOWS\System32\shlwapi.dll
0x00007fffcfba0000 - 0x00007fffcfbc1000 	C:\WINDOWS\SYSTEM32\profapi.dll
0x00007fffadb10000 - 0x00007fffadb29000 	C:\Users\pauri\.p2\pool\plugins\org.eclipse.justj.openjdk.hotspot.jre.full.win32.x86_64_17.0.6.v20230204-1729\jre\bin\net.dll
0x00007fffc9d30000 - 0x00007fffc9e67000 	C:\WINDOWS\SYSTEM32\WINHTTP.dll
0x00007fffcf130000 - 0x00007fffcf199000 	C:\WINDOWS\system32\mswsock.dll
0x00007fffab670000 - 0x00007fffab685000 	C:\Users\pauri\.p2\pool\plugins\org.eclipse.justj.openjdk.hotspot.jre.full.win32.x86_64_17.0.6.v20230204-1729\jre\bin\nio.dll
0x00007fffbfd00000 - 0x00007fffbfd09000 	C:\Users\pauri\.p2\pool\plugins\org.eclipse.justj.openjdk.hotspot.jre.full.win32.x86_64_17.0.6.v20230204-1729\jre\bin\management.dll
0x00007fffba160000 - 0x00007fffba16b000 	C:\Users\pauri\.p2\pool\plugins\org.eclipse.justj.openjdk.hotspot.jre.full.win32.x86_64_17.0.6.v20230204-1729\jre\bin\management_ext.dll
0x00007fffd2600000 - 0x00007fffd2608000 	C:\WINDOWS\System32\PSAPI.DLL
0x00007fffaf8f0000 - 0x00007fffaf907000 	C:\WINDOWS\system32\napinsp.dll
0x00007fffaf8d0000 - 0x00007fffaf8eb000 	C:\WINDOWS\system32\pnrpnsp.dll
0x00007fffce7e0000 - 0x00007fffce8d3000 	C:\WINDOWS\SYSTEM32\DNSAPI.dll
0x00007fffce770000 - 0x00007fffce79d000 	C:\WINDOWS\SYSTEM32\IPHLPAPI.DLL
0x00007fffd0b10000 - 0x00007fffd0b19000 	C:\WINDOWS\System32\NSI.dll
0x00007fffaf830000 - 0x00007fffaf841000 	C:\WINDOWS\System32\winrnr.dll
0x00007fffaf7f0000 - 0x00007fffaf805000 	C:\WINDOWS\system32\wshbth.dll
0x00007fffaf780000 - 0x00007fffaf7a1000 	C:\WINDOWS\system32\nlansp_c.dll
0x00007fffc6c10000 - 0x00007fffc6c1a000 	C:\Windows\System32\rasadhlp.dll
0x00007fffc4960000 - 0x00007fffc49e4000 	C:\WINDOWS\System32\fwpuclnt.dll
0x00007fffcf390000 - 0x00007fffcf3ab000 	C:\WINDOWS\SYSTEM32\CRYPTSP.dll
0x00007fffcec30000 - 0x00007fffcec65000 	C:\WINDOWS\system32\rsaenh.dll
0x00007fffcf230000 - 0x00007fffcf258000 	C:\WINDOWS\SYSTEM32\USERENV.dll
0x00007fffcf550000 - 0x00007fffcf578000 	C:\WINDOWS\SYSTEM32\bcrypt.dll
0x00007fffcf3b0000 - 0x00007fffcf3bc000 	C:\WINDOWS\SYSTEM32\CRYPTBASE.dll
0x00007fffc5580000 - 0x00007fffc5599000 	C:\WINDOWS\SYSTEM32\dhcpcsvc6.DLL
0x00007fffc4f40000 - 0x00007fffc4f5f000 	C:\WINDOWS\SYSTEM32\dhcpcsvc.DLL
0x00007fffc1430000 - 0x00007fffc1440000 	C:\Users\pauri\.p2\pool\plugins\org.eclipse.justj.openjdk.hotspot.jre.full.win32.x86_64_17.0.6.v20230204-1729\jre\bin\verify.dll
0x00007fffab7a0000 - 0x00007fffab7ae000 	C:\Users\pauri\.p2\pool\plugins\org.eclipse.justj.openjdk.hotspot.jre.full.win32.x86_64_17.0.6.v20230204-1729\jre\bin\sunmscapi.dll
0x00007fffd04e0000 - 0x00007fffd0647000 	C:\WINDOWS\System32\CRYPT32.dll
0x00007fffcf520000 - 0x00007fffcf54e000 	C:\WINDOWS\SYSTEM32\ncrypt.dll
0x00007fffcf4e0000 - 0x00007fffcf517000 	C:\WINDOWS\SYSTEM32\NTASN1.dll
0x00007fffb8870000 - 0x00007fffb8878000 	C:\WINDOWS\system32\wshunix.dll

dbghelp: loaded successfully - version: 4.0.5 - missing functions: none
symbol engine: initialized successfully - sym options: 0x614 - pdb path: .;C:\Users\pauri\.p2\pool\plugins\org.eclipse.justj.openjdk.hotspot.jre.full.win32.x86_64_17.0.6.v20230204-1729\jre\bin;C:\WINDOWS\SYSTEM32;C:\WINDOWS\WinSxS\amd64_microsoft.windows.common-controls_6595b64144ccf1df_6.0.22621.1635_none_270f70857386168e;C:\Users\pauri\.p2\pool\plugins\org.eclipse.justj.openjdk.hotspot.jre.full.win32.x86_64_17.0.6.v20230204-1729\jre\bin\server

VM Arguments:
jvm_args: -Dcom.sun.management.jmxremote -Dcom.sun.management.jmxremote.port=49871 -Dcom.sun.management.jmxremote.authenticate=false -Dcom.sun.management.jmxremote.ssl=false -Djava.rmi.server.hostname=localhost -Dspring.jmx.enabled=true -Dmanagement.endpoints.jmx.exposure.include=* -Dspring.application.admin.enabled=true -XX:TieredStopAtLevel=1 -Dspring.boot.project.name=backend-sokashoes -Dfile.encoding=UTF-8 -XX:+ShowCodeDetailsInExceptionMessages 
java_command: com.example.demo.SokaShoesSpringApp --spring.output.ansi.enabled=always
java_class_path (initial): C:\Users\pauri\Documents\Soka Shoes\soka-shoes-backend\target\classes;C:\Users\pauri\.m2\repository\io\springfox\springfox-swagger2\2.9.2\springfox-swagger2-2.9.2.jar;C:\Users\pauri\.m2\repository\io\swagger\swagger-annotations\1.5.20\swagger-annotations-1.5.20.jar;C:\Users\pauri\.m2\repository\io\swagger\swagger-models\1.5.20\swagger-models-1.5.20.jar;C:\Users\pauri\.m2\repository\com\fasterxml\jackson\core\jackson-annotations\2.12.5\jackson-annotations-2.12.5.jar;C:\Users\pauri\.m2\repository\io\springfox\springfox-spi\2.9.2\springfox-spi-2.9.2.jar;C:\Users\pauri\.m2\repository\io\springfox\springfox-core\2.9.2\springfox-core-2.9.2.jar;C:\Users\pauri\.m2\repository\io\springfox\springfox-schema\2.9.2\springfox-schema-2.9.2.jar;C:\Users\pauri\.m2\repository\io\springfox\springfox-swagger-common\2.9.2\springfox-swagger-common-2.9.2.jar;C:\Users\pauri\.m2\repository\com\google\guava\guava\20.0\guava-20.0.jar;C:\Users\pauri\.m2\repository\com\fasterxml\classmate\1.5.1\classmate-1.5.1.jar;C:\Users\pauri\.m2\repository\org\slf4j\slf4j-api\1.7.32\slf4j-api-1.7.32.jar;C:\Users\pauri\.m2\repository\org\springframework\plugin\spring-plugin-core\1.2.0.RELEASE\spring-plugin-core-1.2.0.RELEASE.jar;C:\Users\pauri\.m2\repository\org\springframework\plugin\spring-plugin-metadata\1.2.0.RELEASE\spring-plugin-metadata-1.2.0.RELEASE.jar;C:\Users\pauri\.m2\repository\org\mapstruct\mapstruct\1.2.0.Final\mapstruct-1.2.0.Final.jar;C:\Users\pauri\.m2\repository\io\springfox\springfox-swagger-ui\2.9.2\springfox-swagger-ui-2.9.2.jar;C:\Users\pauri\.m2\repository\org\springframework\boot\spring-boot-starter-data-jpa\2.5.5\spring-boot-starter-data-jpa-2.5.5.jar;C:\Users\pauri\.m2\repository\org\springframework\boot\spring-boot-starter-aop\2.5.5\spring-boot-starter-aop-2.5.5.jar;C:\Users\pauri\.m2\repository\org\aspectj\aspectjweaver\1.9.7\aspectjweaver-1.9.7.jar;C:\Users\pauri\.m2\repository\org\springframework\boot\spring-boot-starter-jdbc\2.5.5\spring-boot-start
Launcher Type: SUN_STANDARD

[Global flags]
     intx CICompilerCount                          = 12                                        {product} {ergonomic}
     uint ConcGCThreads                            = 3                                         {product} {ergonomic}
     uint G1ConcRefinementThreads                  = 13                                        {product} {ergonomic}
   size_t G1HeapRegionSize                         = 2097152                                   {product} {ergonomic}
    uintx GCDrainStackTargetSize                   = 64                                        {product} {ergonomic}
   size_t InitialHeapSize                          = 264241152                                 {product} {ergonomic}
     bool ManagementServer                         = true                                      {product} {command line}
   size_t MarkStackSize                            = 4194304                                   {product} {ergonomic}
   size_t MaxHeapSize                              = 4215275520                                {product} {ergonomic}
   size_t MaxNewSize                               = 2529165312                                {product} {ergonomic}
   size_t MinHeapDeltaBytes                        = 2097152                                   {product} {ergonomic}
   size_t MinHeapSize                              = 8388608                                   {product} {ergonomic}
    uintx NonProfiledCodeHeapSize                  = 0                                      {pd product} {ergonomic}
     bool ProfileInterpreter                       = false                                  {pd product} {command line}
    uintx ProfiledCodeHeapSize                     = 0                                      {pd product} {ergonomic}
     bool ShowCodeDetailsInExceptionMessages       = true                                   {manageable} {command line}
   size_t SoftMaxHeapSize                          = 4215275520                             {manageable} {ergonomic}
     intx TieredStopAtLevel                        = 1                                         {product} {command line}
     bool UseCompressedClassPointers               = true                           {product lp64_product} {ergonomic}
     bool UseCompressedOops                        = true                           {product lp64_product} {ergonomic}
     bool UseG1GC                                  = true                                      {product} {ergonomic}
     bool UseLargePagesIndividualAllocation        = false                                  {pd product} {ergonomic}

Logging:
Log output configuration:
 #0: stdout all=warning uptime,level,tags
 #1: stderr all=off uptime,level,tags

Environment Variables:
JAVA_HOME=C:\Program Files\Java\jdk-17
PATH=C:/Users/pauri/.p2/pool/plugins/org.eclipse.justj.openjdk.hotspot.jre.full.win32.x86_64_17.0.6.v20230204-1729/jre/bin/server;C:/Users/pauri/.p2/pool/plugins/org.eclipse.justj.openjdk.hotspot.jre.full.win32.x86_64_17.0.6.v20230204-1729/jre/bin;C:\Program Files\Common Files\Oracle\Java\javapath;C:\Program Files (x86)\Common Files\Oracle\Java\javapath;C:\WINDOWS\system32;C:\WINDOWS;C:\WINDOWS\System32\Wbem;C:\WINDOWS\System32\WindowsPowerShell\v1.0\;C:\WINDOWS\System32\OpenSSH\;C:\Users\pauri\AppData\Roaming\nvm;C:\Program Files\nodejs;C:\Program Files\Docker\Docker\resources\bin;C:\Program Files\Git\cmd;C:\Program Files\Java\jdk-17;C:\Users\pauri\AppData\Local\Microsoft\WindowsApps;C:\Users\pauri\AppData\Roaming\nvm;C:\Program Files\nodejs;C:\Users\pauri\AppData\Local\Programs\Microsoft VS Code\bin;C:\Program Files\Java\jdk-17;;C:\WINDOWS\system32;
USERNAME=valentina
OS=Windows_NT
PROCESSOR_IDENTIFIER=Intel64 Family 6 Model 154 Stepping 3, GenuineIntel
TMP=C:\Users\pauri\AppData\Local\Temp
TEMP=C:\Users\pauri\AppData\Local\Temp



---------------  S Y S T E M  ---------------

OS:
 Windows 11 , 64 bit Build 22621 (10.0.22621.1635)
OS uptime: 0 days 11:02 hours
Hyper-V role detected

CPU: total 16 (initial active 16) (8 cores per cpu, 2 threads per core) family 6 model 154 stepping 3 microcode 0x41b, cx8, cmov, fxsr, ht, mmx, 3dnowpref, sse, sse2, sse3, ssse3, sse4.1, sse4.2, popcnt, lzcnt, tsc, tscinvbit, avx, avx2, aes, erms, clmul, bmi1, bmi2, adx, sha, fma, vzeroupper, clflush, clflushopt, clwb, hv

Memory: 4k page, system-wide physical 16078M (5205M free)
TotalPageFile size 16078M (AvailPageFile size 156M)
current process WorkingSet (physical memory assigned to process): 382M, peak: 458M
current process commit charge ("private bytes"): 442M, peak: 736M

vm_info: OpenJDK 64-Bit Server VM (17.0.6+10) for windows-amd64 JRE (17.0.6+10), built on Jan 18 2023 10:08:59 by "temurin" with MS VC++ 16.7 (VS2019)

END.
